Starting preprocessing of the model file ...
Found 31 equation(s).
Evaluating expressions...done
Computing static model derivatives (order 1).
Computing dynamic model derivatives (order 1).
Processing outputs ...
done
Preprocessing completed.

STEADY-STATE RESULTS:

c       		 -0.0841715
c_star  		 -0.084148
I       		 -1.1489
I_star  		 -1.14892
y       		 0.843204
y_star  		 0.843185
a       		 0.613006
a_star  		 0.613003
x       		 -0.738506
x_star  		 -0.738585
k       		 2.53998
k_star  		 2.53996
l       		 -0.111231
l_star  		 -0.111253
d       		 -2.05514
d_star  		 -2.05516
int     		 0.0100503
s       		 7.31745e-06
p_y     		 -0.631101
py_star 		 -0.631096
r       		 -3.34953
r_star  		 -3.34953
w       		 -0.122953
w_star  		 -0.122945
b       		 -0.00168772
b_star  		 0.00168772
nu      		 6.08179e-15
nu_star 		 6.14063e-15
mu_var  		 8.05211e-14
mu_star 		 8.11208e-14
gz      		 9.67527e-13

EIGENVALUES:
         Modulus             Real        Imaginary

       1.478e-16        1.478e-16                0
       1.635e-16       -1.635e-16                0
        2.44e-16        -2.44e-16                0
       2.514e-15       -2.514e-15                0
             0.6              0.6                0
             0.8              0.8                0
             0.8              0.8                0
             0.8              0.8                0
             0.8              0.8                0
          0.8856           0.8856                0
          0.9516           0.9516                0
               1                1                0
            1.01             1.01                0
           1.061            1.061                0
           1.141            1.141                0
       1.069e+16        1.069e+16                0
       1.285e+16       -1.285e+16                0
       1.699e+18       -1.699e+18                0


There are 6 eigenvalue(s) larger than 1 in modulus 
for 6 forward-looking variable(s)

The rank condition is verified.


MODEL SUMMARY

  Number of variables:         31
  Number of stochastic shocks: 5
  Number of state variables:   12
  Number of jumpers:           6
  Number of static variables:  16


MATRIX OF COVARIANCE OF EXOGENOUS SHOCKS
Variables           eps_nu  eps_nu_star   eps_mu_var  eps_mu_star       eps_gz
eps_nu            0.000000     0.000000     0.000000     0.000000     0.000000
eps_nu_star       0.000000     0.000000     0.000000     0.000000     0.000000
eps_mu_var        0.000000     0.000000     0.000000     0.000000     0.000000
eps_mu_star       0.000000     0.000000     0.000000     0.000000     0.000000
eps_gz            0.000000     0.000000     0.000000     0.000000     1.000000

POLICY AND TRANSITION FUNCTIONS
                                   c          c_star               I          I_star               y          y_star               a          a_star               x          x_star               k          k_star               l          l_star               d          d_star             int               s             p_y         py_star               r          r_star               w          w_star               b          b_star              nu         nu_star          mu_var         mu_star              gz
Constant                   -0.084172       -0.084148       -1.148902       -1.148916        0.843204        0.843185        0.613006        0.613003       -0.738506       -0.738585        2.539977        2.539963       -0.111231       -0.111253       -2.055143       -2.055156        0.010050        0.000007       -0.631101       -0.631096       -3.349525       -3.349525       -0.122953       -0.122945       -0.001688        0.001688               0               0               0               0               0
I(-1)                       0.011410        0.004786       -0.056386        0.033034        0.007528       -0.001472        0.000194        0.005861        0.035859       -0.029804        0.025000               0       -0.002300       -0.002301        0.159284       -0.080445       -0.000616        0.005299       -0.001850        0.001850       -0.019322        0.000378        0.007978        0.002679       -0.068146        0.068146               0               0               0               0               0
I_star(-1)                  0.004786        0.011410        0.033033       -0.056386       -0.001472        0.007528        0.005861        0.000195       -0.029803        0.035859               0        0.025000       -0.002301       -0.002300       -0.080443        0.159285       -0.000010       -0.005299        0.001850       -0.001850        0.000378       -0.019323        0.002679        0.007978        0.068124       -0.068124               0               0               0               0               0
k(-1)                       0.444974        0.186666       -2.199044        1.288315        0.293590       -0.057424        0.007585        0.228563        1.398502       -1.162354        0.975000               0       -0.089704       -0.089725        6.212080       -3.137339       -0.024039        0.206646       -0.072166        0.072169       -0.753577        0.014745        0.311127        0.104471       -2.657691        2.657691               0               0               0               0               0
k_star(-1)                  0.186665        0.444971        1.288288       -2.199067       -0.057426        0.293589        0.228576        0.007605       -1.162327        1.398507               0        0.975000       -0.089728       -0.089704       -3.137293        6.212127       -0.000395       -0.206645        0.072166       -0.072169        0.014740       -0.753580        0.104468        0.311125        2.656840       -2.656840               0               0               0               0               0
s(-1)                      -0.519626        0.519614        1.200229       -1.200207        0.265539       -0.265530        0.117630       -0.117630        0.836953       -0.836953               0               0        0.414905       -0.414891       -2.252434        2.252418        0.006360        0.168608       -0.058882        0.058885        0.206657       -0.206645       -0.208248        0.208246      -63.432716       63.432716               0               0               0               0               0
nu(-1)                      0.110637        0.053908        6.084620       -1.501864        1.317687       -0.020299        1.695235       -0.397824       -0.140882        1.438293               0               0        0.808885       -0.031716      -10.535548        3.701653        0.032086        0.045384       -0.015849        0.015850        1.301837       -0.004449        0.492952        0.027268       -2.195057        2.195057        0.800000               0               0               0               0
nu_star(-1)                 0.053905        0.110637       -1.501887        6.084661       -0.020297        1.317686       -0.397842        1.695207        1.438256       -0.140891               0               0       -0.031715        0.808884        3.701715      -10.535658        0.000965       -0.045385        0.015850       -0.015850       -0.004448        1.301835        0.027267        0.492951        2.194808       -2.194808               0        0.800000               0               0               0
mu_var(-1)                  0.042829       -0.009374       -3.982341        1.485727       -0.631701        0.016435       -0.940635        0.325351        0.561793       -1.177078               0               0       -0.987032        0.025680       12.552675       -3.569377       -0.037513        0.041763       -0.014585        0.014585       -1.446285        0.031021       -0.459253        0.005340        1.714989       -1.714989               0               0        0.800000               0               0
mu_star(-1)                -0.009374        0.042829        1.485729       -3.982375        0.016434       -0.631701        0.325366       -0.940614       -1.177051        0.561803               0               0        0.025678       -0.987033       -3.569392       12.552757       -0.000188       -0.041762        0.014584       -0.014585        0.031018       -1.446286        0.005340       -0.459253       -1.715017        1.715017               0               0               0        0.800000               0
c(-1)                       0.415701       -0.415691       -0.960184        0.960165       -0.212432        0.212424       -0.094104        0.094104       -0.669563        0.669562               0               0       -0.331924        0.331913        1.801947       -1.801935       -0.005088       -0.134886        0.047106       -0.047108       -0.165326        0.165316        0.166599       -0.166597       50.746173      -50.746173               0               0               0               0               0
c_star(-1)                 -0.415701        0.415691        0.960184       -0.960165        0.212432       -0.212424        0.094104       -0.094104        0.669563       -0.669562               0               0        0.331924       -0.331913       -1.801947        1.801935        0.005088        0.134886       -0.047106        0.047108        0.165326       -0.165316       -0.166599        0.166597      -50.746173       50.746173               0               0               0               0               0
gz(-1)                     -0.145903       -0.145901       -0.707406       -0.707468       -0.289881       -0.289882       -0.289878       -0.289885       -0.289893       -0.289870       -0.600000       -0.600000       -0.115438       -0.115441        0.743496        0.743642        0.022336       -0.000001               0               0        0.310120        0.310117       -0.174442       -0.174442       -0.001115        0.001115               0               0               0               0        0.600000
eps_nu                      0.138296        0.067384        7.605774       -1.877330        1.647108       -0.025373        2.119044       -0.497280       -0.176103        1.797866               0               0        1.011106       -0.039646      -13.169435        4.627067        0.040107        0.056729       -0.019811        0.019812        1.627297       -0.005561        0.616190        0.034085       -2.743822        2.743822        1.000000               0               0               0               0
eps_nu_star                 0.067382        0.138296       -1.877359        7.605826       -0.025372        1.647107       -0.497303        2.119009        1.797821       -0.176114               0               0       -0.039643        1.011105        4.627144      -13.169573        0.001206       -0.056731        0.019812       -0.019813       -0.005560        1.627294        0.034084        0.616189        2.743509       -2.743509               0        1.000000               0               0               0
eps_mu_var                  0.053536       -0.011718       -4.977926        1.857158       -0.789626        0.020544       -1.175794        0.406688        0.702242       -1.471347               0               0       -1.233790        0.032100       15.690843       -4.461721       -0.046892        0.052204       -0.018231        0.018232       -1.807857        0.038776       -0.574066        0.006676        2.143737       -2.143737               0               0        1.000000               0               0
eps_mu_star                -0.011717        0.053536        1.857162       -4.977969        0.020542       -0.789626        0.406708       -1.175768       -1.471314        0.702254               0               0        0.032098       -1.233791       -4.461740       15.690946       -0.000234       -0.052202        0.018230       -0.018231        0.038773       -1.807857        0.006675       -0.574067       -2.143771        2.143771               0               0               0        1.000000               0
eps_gz                      0.243172        0.243169        1.179010        1.179114        0.483134        0.483137        0.483129        0.483142        0.483154        0.483117        1.000000        1.000000        0.192397        0.192402       -1.239160       -1.239403       -0.037227        0.000002               0               0       -0.516866       -0.516862        0.290736        0.290736        0.001858       -0.001858               0               0               0               0       -1.000000


THEORETICAL MOMENTS
VARIABLE         MEAN  STD. DEV.   VARIANCE
c                 NaN        NaN        NaN
c_star            NaN        NaN        NaN
I                 NaN        NaN        NaN
I_star            NaN        NaN        NaN
y                 NaN        NaN        NaN
y_star            NaN        NaN        NaN
a                 NaN        NaN        NaN
a_star            NaN        NaN        NaN
x                 NaN        NaN        NaN
x_star            NaN        NaN        NaN
k                 NaN        NaN        NaN
k_star            NaN        NaN        NaN
l                 NaN        NaN        NaN
l_star            NaN        NaN        NaN
d                 NaN        NaN        NaN
d_star            NaN        NaN        NaN
int            0.0101     0.2114     0.0447
s                 NaN        NaN        NaN
p_y               NaN        NaN        NaN
py_star           NaN        NaN        NaN
r             -3.3495     6.1046    37.2661
r_star        -3.3495     6.1046    37.2660
w                 NaN        NaN        NaN
w_star            NaN        NaN        NaN
b                 NaN        NaN        NaN
b_star            NaN        NaN        NaN
nu             0.0000     0.0000     0.0000
nu_star        0.0000     0.0000     0.0000
mu_var         0.0000     0.0000     0.0000
mu_star        0.0000     0.0000     0.0000
gz             0.0000     1.2500     1.5625



VARIANCE DECOMPOSITION (in percent)
                eps_nu  eps_nu_star   eps_mu_var  eps_mu_star       eps_gz
int               0.00         0.00         0.00         0.00       100.00
r                 0.00         0.00         0.00         0.00       100.00
r_star            0.00         0.00         0.00         0.00       100.00
nu              100.00         0.00         0.00         0.00         0.00
nu_star           0.00       100.00         0.00         0.00         0.00
mu_var            0.00         0.00       100.00         0.00         0.00
mu_star           0.00         0.00         0.00       100.00         0.00
gz                0.00         0.00         0.00         0.00       100.00



MATRIX OF CORRELATIONS
Variables       int       r  r_star      gz
int          1.0000  0.9936  0.9936  0.4283
r            0.9936  1.0000  1.0000  0.3238
r_star       0.9936  1.0000  1.0000  0.3238
gz           0.4283  0.3238  0.3238  1.0000



COEFFICIENTS OF AUTOCORRELATION
Order          1       2       3       4       5
int       0.9822  0.9531  0.9180  0.8803  0.8417
r         0.9901  0.9652  0.9324  0.8956  0.8573
r_star    0.9901  0.9652  0.9324  0.8956  0.8573
gz        0.6000  0.3600  0.2160  0.1296  0.0778
Total computing time : 0h00m07s
